0282: txs
0283: jsr $028c
028C: jsr $029e
029E: lda #$3b
02A0: sta $28
02A2: lda #$15
02A4: sta $29
02A6: lda #$00
02A8: tay
02A9: ldx #$00
02AB: beq $02b7
02B7: cpy #$35
02B9: beq $02c0
02BB: sta ($28), y
02BD: iny
02BE: bne $02b7
02B7: cpy #$35
02B9: beq $02c0
02BB: sta ($28), y
02BD: iny
02BE: bne $02b7

   (loops for 257 instructions)

02C0: rts
028F: lda #$00
0291: sta $20
0293: lda #$80
0295: sta $21
0297: cli
0298: jsr $02c1
02C1: ldy #$00
02C3: beq $02cc
02CC: rts
029B: jmp $0eda
0EDA: lda $156c
0EDD: ldx $156d
0EE0: jsr $107c
107C: pha
107D: lda $20
107F: sec
1080: sbc #$02
1082: sta $20
1084: bcs $1088
1086: dec $21
1088: ldy #$01
108A: txa
108B: sta ($20), y
108D: pla
108E: dey
108F: sta ($20), y
1091: rts
0EE3: lda $156e
0EE6: ldx $156f
0EE9: jsr $107c
107C: pha
107D: lda $20
107F: sec
1080: sbc #$02
1082: sta $20
1084: bcs $1088
1088: ldy #$01
108A: txa
108B: sta ($20), y
108D: pla
108E: dey
108F: sta ($20), y
1091: rts
0EEC: ldy #$04
0EEE: jmp $070f
070F: lda #$01
0711: jsr $1066
1066: ldy $20
1068: beq $1071
106A: dec $20
106C: ldy #$00
106E: sta ($20), y
1070: rts
0714: jsr $0f06
0F06: lda $20
0F08: sec
0F09: sbc #$02
0F0B: sta $20
0F0D: bcc $0f10
0F0F: rts
0717: ldx #$12
0719: lda #$34
071B: jsr $0de7
0DE7: sta $150a
0DEA: stx $150b
0DED: lda #$00
0DEF: sta $150c
0DF2: sta $150d
0DF5: rts
071E: ldy #$02
0720: lda ($20), y
0722: bne $0727
0727: lda #$45
0729: ldx #$13
072B: jsr $107c

   (loops for 13 instructions)

072E: ldy #$02
0730: jsr $0d77
0D77: sty $156b
0D7A: lda $1503
0D7D: ldx $1504
0D80: jsr $107c
107C: pha
107D: lda $20
107F: sec
1080: sbc #$02
1082: sta $20
1084: bcs $1088
1088: ldy #$01
108A: txa
108B: sta ($20), y
108D: pla
108E: dey
108F: sta ($20), y
1091: rts
0D83: lda $20
0D85: ldx $21
0D87: clc
0D88: adc $156b
0D8B: bcc $0d8e
0D8E: sta $28
0D90: stx $29
0D92: ldy #$01
0D94: lda ($28), y
0D96: tax
0D97: dey
0D98: lda ($28), y
0D9A: jsr $107c
107C: pha
107D: lda $20
107F: sec
1080: sbc #$02
1082: sta $20
1084: bcs $1088
1088: ldy #$01
108A: txa
108B: sta ($20), y
108D: pla
108E: dey
108F: sta ($20), y
1091: rts
0D9D: lda $28
0D9F: ldx $29
0DA1: jsr $0e6c
0E6C: pha
0E6D: lda #$00
0E6F: sta $150e
0E72: sta $150f
0E75: ldy #$02
0E77: lda ($20), y
0E79: sta $1512
0E7C: lda #$0e
0E7E: sta ($20), y
0E80: iny
0E81: lda ($20), y
0E83: sta $1513
0E86: lda #$15
0E88: sta ($20), y
0E8A: pla
0E8B: jsr $0990
0990: pha
0991: ldy #$05
0993: lda $0034, y
0996: sta $153c, y
0999: dey
099A: bpl $0993
0993: lda $0034, y
0996: sta $153c, y
0999: dey
099A: bpl $0993

   (loops for 16 instructions)

099C: pla
099D: sta $34
099F: stx $35
09A1: jsr $0f71
0F71: ldy #$01
0F73: lda ($20), y
0F75: tax
0F76: dey
0F77: lda ($20), y
0F79: inc $20
0F7B: beq $0f82
0F7D: inc $20
0F7F: beq $0f84
0F81: rts
09A4: sta $36
09A6: stx $37
09A8: jsr $0f71
0F71: ldy #$01
0F73: lda ($20), y
0F75: tax
0F76: dey
0F77: lda ($20), y
0F79: inc $20
0F7B: beq $0f82
0F7D: inc $20
0F7F: beq $0f84
0F81: rts
09AB: sta $38
09AD: stx $39
09AF: lda #$00
09B1: tay
09B2: sta ($38), y
09B4: iny
09B5: sta ($38), y
09B7: iny
09B8: lda ($38), y
09BA: sta $1508
09BD: iny
09BE: lda ($38), y
09C0: sta $1509
09C3: lda $36
09C5: sta $28
09C7: lda $37
09C9: sta $29
09CB: ldy #$00
09CD: lda ($36), y
09CF: beq $09dc
09D1: cmp #$25
09D3: beq $09dc
09D5: iny
09D6: bne $09cd
09CD: lda ($36), y
09CF: beq $09dc
09D1: cmp #$25
09D3: beq $09dc
09D5: iny
09D6: bne $09cd

   (loops for 698 instructions)

09DC: tya
09DD: clc
09DE: adc $36
09E0: sta $36
09E2: bcc $09e6
09E6: sec
09E7: sbc $28
09E9: sta $2a
09EB: lda $37
09ED: sbc $29
09EF: sta $2b
09F1: ora $2a
09F3: beq $0a1a
09F5: jsr $0f20
0F20: lda $20
0F22: sec
0F23: sbc #$06
0F25: sta $20
0F27: bcc $0f2a
0F29: rts
09F8: ldy #$05
09FA: lda $39
09FC: sta ($20), y
09FE: dey
09FF: lda $38
0A01: sta ($20), y
0A03: dey
0A04: lda $29
0A06: sta ($20), y
0A08: dey
0A09: lda $28
0A0B: sta ($20), y
0A0D: dey
0A0E: lda $2b
0A10: sta ($20), y
0A12: dey
0A13: lda $2a
0A15: sta ($20), y
0A17: jsr $1507
1507: jmp $0e34
0E34: ldy #$05
0E36: jsr $1094
1094: lda $20
1096: sec
1097: sbc #$02
1099: sta $20
109B: bcs $109f
109F: lda ($20), y
10A1: tax
10A2: dey
10A3: lda ($20), y
10A5: ldy #$00
10A7: sta ($20), y
10A9: iny
10AA: txa
10AB: sta ($20), y
10AD: rts
0E39: jsr $105d
105D: lda #$01
105F: jmp $107a
107A: ldx #$00
107C: pha
107D: lda $20
107F: sec
1080: sbc #$02
1082: sta $20
1084: bcs $1088
1088: ldy #$01
108A: txa
108B: sta ($20), y
108D: pla
108E: dey
108F: sta ($20), y
1091: rts
0E3C: ldy #$07
0E3E: jsr $1094
1094: lda $20
1096: sec
1097: sbc #$02
1099: sta $20
109B: bcs $109f
109F: lda ($20), y
10A1: tax
10A2: dey
10A3: lda ($20), y
10A5: ldy #$00
10A7: sta ($20), y
10A9: iny
10AA: txa
10AB: sta ($20), y
10AD: rts
0E41: lda $1512
0E44: ldx $1513
0E47: jsr $0c4b
0C4B: sta $1569
0C4E: sta $28
0C50: stx $156a
0C53: stx $29
0C55: ldy #$01
0C57: lda ($28), y
0C59: and #$01
0C5B: bne $0c68
0C68: lda ($28), y
0C6A: and #$04
0C6C: bne $0c62
0C6E: ldy #$00
0C70: lda ($28), y
0C72: ldx #$00
0C74: jsr $107c
107C: pha
107D: lda $20
107F: sec
1080: sbc #$02
1082: sta $20
1084: bcs $1088
1088: ldy #$01
108A: txa
108B: sta ($20), y
108D: pla
108E: dey
108F: sta ($20), y
1091: rts
0C77: ldy #$09
0C79: jsr $1094
1094: lda $20
1096: sec
1097: sbc #$02
1099: sta $20
109B: bcs $109f
109F: lda ($20), y
10A1: tax
10A2: dey
10A3: lda ($20), y
10A5: ldy #$00
10A7: sta ($20), y
10A9: iny
10AA: txa
10AB: sta ($20), y
10AD: rts
0C7C: ldy #$07
0C7E: jsr $1094
1094: lda $20
1096: sec
1097: sbc #$02
1099: sta $20
109B: bcs $109f
109F: lda ($20), y
10A1: tax
10A2: dey
10A3: lda ($20), y
10A5: ldy #$00
10A7: sta ($20), y
10A9: iny
10AA: txa
10AB: sta ($20), y
10AD: rts
0C81: ldy #$09
0C83: jsr $0fae
0FAE: lda ($20), y
0FB0: tax
0FB1: dey
0FB2: lda ($20), y
0FB4: rts
0C86: jsr $1019
1019: sta $2e
101B: stx $2f
101D: jsr $104d
104D: pha
104E: ldy #$00
1050: lda ($20), y
1052: sta $22
1054: iny
1055: lda ($20), y
1057: sta $23
1059: pla
105A: jmp $0f79
0F79: inc $20
0F7B: beq $0f82
0F7D: inc $20
0F7F: beq $0f84
0F81: rts
1020: lda #$00
1022: sta $30
1024: ldx $23
1026: ldy #$10
1028: lsr $30
102A: ror a
102B: ror $2f
102D: ror $2e
102F: bcc $103b
1031: clc
1032: adc $22
1034: pha
1035: txa
1036: adc $30
1038: sta $30
103A: pla
103B: dey
103C: bpl $1028
1028: lsr $30
102A: ror a
102B: ror $2f
102D: ror $2e
102F: bcc $103b
103B: dey
103C: bpl $1028

   (loops for 105 instructions)

103E: lda $2e
1040: ldx $2f
1042: rts
0C89: cpx #$00
0C8B: bne $0c9b
0C8D: cmp #$00
0C8F: bne $0c9b
0C9B: jsr $0857
0857: sta $2a
0859: sta $2c
085B: stx $2b
085D: stx $2d
085F: jsr $0f71
0F71: ldy #$01
0F73: lda ($20), y
0F75: tax
0F76: dey
0F77: lda ($20), y
0F79: inc $20
0F7B: beq $0f82
0F7D: inc $20
0F7F: beq $0f84
0F81: rts
0862: sta $28
0864: stx $29
0866: jsr $0f71
0F71: ldy #$01
0F73: lda ($20), y
0F75: tax
0F76: dey
0F77: lda ($20), y

   (loops for 5 instructions)

0869: cpx #$00
086B: bne $0848
086D: cmp #$01
086F: beq $0877
0877: ldx $2a
0879: lda $2b
087B: ora $2a
087D: beq $0898
087F: ldy #$00
0881: lda ($28), y
0883: cmp #$0a
0885: bne $0889
0887: lda #$0d
0889: jsr $ffef
FFEF: bit $d012
